<?xml version="1.0" encoding="UTF-8"?>
<!-- Generated by org.testng.reporters.JUnitXMLReporter -->
<testsuite ignored="0" hostname="aninditas-mbp2.lan" failures="0" tests="3" name="Surefire test" time="51.29" errors="0" timestamp="2022-03-15T17:04:27 EDT">
  <testcase classname="com.AppTest" name="shouldAnswerWithTrue" time="0.005"/>
  <testcase classname="com.MainTests" name="test1" time="1.66"/>
  <testcase classname="com.MainTests" name="test1" time="6.76"/>
</testsuite> <!-- Surefire test -->
