<?xml version="1.0" encoding="UTF-8"?>
<!-- Generated by org.testng.reporters.JUnitXMLReporter -->
<testsuite ignored="0" hostname="aninditas-mbp2.lan" failures="0" tests="3" name="Surefire test" time="46.833" errors="0" timestamp="2022-04-01T13:29:26 EDT">
  <testcase classname="com.AppTest" name="shouldAnswerWithTrue" time="0.006"/>
  <testcase classname="com.MainTests" name="test1" time="1.7"/>
  <testcase classname="com.MainTests" name="test1" time="1.673"/>
</testsuite> <!-- Surefire test -->
