<?xml version="1.0" encoding="UTF-8"?>
<!-- Generated by org.testng.reporters.JUnitXMLReporter -->
<testsuite ignored="0" hostname="aninditas-mbp2.lan" failures="1" tests="2" name="Surefire test" time="39.782" errors="0" timestamp="2022-03-12T09:59:27 EST">
  <testcase classname="com.AppTest" name="shouldAnswerWithTrue" time="0.006"/>
  <testcase classname="com.MainTests" name="test1" time="0.043">
    <failure type="java.lang.AssertionError" message="expected [google.com] but found [QA Click Academy | Selenium,Jmeter,SoapUI,Appium,Database testing,QA Training Academy]">
      <![CDATA[java.lang.AssertionError: expected [google.com] but found [QA Click Academy | Selenium,Jmeter,SoapUI,Appium,Database testing,QA Training Academy]
at com.MainTests.test1(MainTests.java:31)
at java.base/java.util.ArrayList.forEach(ArrayList.java:1541)
... Removed 38 stack frames]]>
    </failure>
  </testcase> <!-- test1 -->
</testsuite> <!-- Surefire test -->
