<?xml version="1.0" encoding="UTF-8"?>
<!-- Generated by org.testng.reporters.JUnitXMLReporter -->
<testsuite ignored="0" hostname="aninditas-mbp2.lan" failures="0" tests="3" name="Surefire test" time="79.577" errors="0" timestamp="2022-03-13T15:24:27 EDT">
  <testcase classname="com.AppTest" name="shouldAnswerWithTrue" time="0.012"/>
  <testcase classname="com.MainTests" name="test1" time="2.661"/>
  <testcase classname="com.MainTests" name="test1" time="6.662"/>
</testsuite> <!-- Surefire test -->
