<?xml version="1.0" encoding="UTF-8"?>
<!-- Generated by org.testng.reporters.JUnitXMLReporter -->
<testsuite ignored="0" hostname="aninditas-mbp2.lan" failures="1" tests="2" name="Test" time="38.492" errors="0" timestamp="2022-03-12T10:02:57 EST">
  <testcase classname="com.MainTests" name="test1" time="0.064">
    <failure type="java.lang.AssertionError" message="expected [google.com] but found [QA Click Academy | Selenium,Jmeter,SoapUI,Appium,Database testing,QA Training Academy]">
      <![CDATA[java.lang.AssertionError: expected [google.com] but found [QA Click Academy | Selenium,Jmeter,SoapUI,Appium,Database testing,QA Training Academy]
at com.MainTests.test1(MainTests.java:31)
at java.base/java.util.ArrayList.forEach(ArrayList.java:1511)
... Removed 33 stack frames]]>
    </failure>
  </testcase> <!-- test1 -->
  <testcase classname="com.AppTest" name="shouldAnswerWithTrue" time="0.003"/>
</testsuite> <!-- Test -->
