<?xml version="1.0" encoding="UTF-8"?>
<!-- Generated by org.testng.reporters.JUnitXMLReporter -->
<testsuite ignored="0" hostname="aninditas-mbp2.lan" failures="1" tests="2" name="Test" time="0.072" errors="0" timestamp="2022-03-12T11:05:25 EST">
  <testcase classname="com.MainTests" name="test1" time="0.0">
    <failure type="org.testng.TestNGException" message="
Method public void com.MainTests.test1(java.lang.String,boolean) throws java.io.IOException requires a @DataProvider named : getData">
      <![CDATA[org.testng.TestNGException: 
Method public void com.MainTests.test1(java.lang.String,boolean) throws java.io.IOException requires a @DataProvider named : getData
at java.base/java.util.ArrayList.forEach(ArrayList.java:1511)
... Removed 24 stack frames]]>
    </failure>
  </testcase> <!-- test1 -->
  <testcase classname="com.AppTest" name="shouldAnswerWithTrue" time="0.005"/>
</testsuite> <!-- Test -->
