<?xml version="1.0" encoding="UTF-8"?>
<testng-results ignored="0" total="2" passed="2" failed="0" skipped="0">
  <reporter-output>
  </reporter-output>
  <suite started-at="2022-03-11T14:58:17 EST" name="Surefire suite" finished-at="2022-03-11T14:58:54 EST" duration-ms="36553">
    <groups>
    </groups>
    <test started-at="2022-03-11T14:58:17 EST" name="Surefire test" finished-at="2022-03-11T14:58:54 EST" duration-ms="36553">
      <class name="com.MainTests">
        <test-method is-config="true" signature="testPrep()[pri:0, instance:com.MainTests@4802796d]" started-at="2022-03-11T14:58:17 EST" name="testPrep" finished-at="2022-03-11T14:58:52 EST" duration-ms="34516" status="PASS">
          <reporter-output>
          </reporter-output>
        </test-method> <!-- testPrep -->
        <test-method signature="test1()[pri:0, instance:com.MainTests@4802796d]" started-at="2022-03-11T14:58:52 EST" name="test1" finished-at="2022-03-11T14:58:54 EST" duration-ms="1686" status="PASS">
          <reporter-output>
          </reporter-output>
        </test-method> <!-- test1 -->
        <test-method is-config="true" signature="testClose()[pri:0, instance:com.MainTests@4802796d]" started-at="2022-03-11T14:58:54 EST" name="testClose" finished-at="2022-03-11T14:58:54 EST" duration-ms="269" status="PASS">
          <reporter-output>
          </reporter-output>
        </test-method> <!-- testClose -->
      </class> <!-- com.MainTests -->
      <class name="com.AppTest">
        <test-method signature="shouldAnswerWithTrue()[pri:0, instance:com.AppTest@a1153bc]" started-at="2022-03-11T14:58:17 EST" name="shouldAnswerWithTrue" finished-at="2022-03-11T14:58:17 EST" duration-ms="9" status="PASS">
          <reporter-output>
          </reporter-output>
        </test-method> <!-- shouldAnswerWithTrue -->
      </class> <!-- com.AppTest -->
    </test> <!-- Surefire test -->
  </suite> <!-- Surefire suite -->
</testng-results>
