<?xml version="1.0" encoding="UTF-8"?>
<testng-results ignored="0" total="3" passed="3" failed="0" skipped="0">
  <reporter-output>
  </reporter-output>
  <suite started-at="2022-03-13T15:23:07 EDT" name="Surefire suite" finished-at="2022-03-13T15:24:27 EDT" duration-ms="79577">
    <groups>
    </groups>
    <test started-at="2022-03-13T15:23:07 EDT" name="Surefire test" finished-at="2022-03-13T15:24:27 EDT" duration-ms="79577">
      <class name="com.MainTests">
        <test-method is-config="true" signature="testPrep()[pri:0, instance:com.MainTests@a1153bc]" started-at="2022-03-13T15:23:07 EDT" name="testPrep" finished-at="2022-03-13T15:23:46 EDT" duration-ms="39173" status="PASS">
          <reporter-output>
          </reporter-output>
        </test-method> <!-- testPrep -->
        <test-method signature="test1(java.lang.String,java.lang.String)[pri:0, instance:com.MainTests@a1153bc]" started-at="2022-03-13T15:23:46 EDT" name="test1" data-provider="getData" finished-at="2022-03-13T15:23:49 EDT" duration-ms="2661" status="PASS">
          <params>
            <param index="0">
              <value>
                <![CDATA[Tapa]]>
              </value>
            </param>
            <param index="1">
              <value>
                <![CDATA[False]]>
              </value>
            </param>
          </params>
          <reporter-output>
          </reporter-output>
        </test-method> <!-- test1 -->
        <test-method is-config="true" signature="testClose()[pri:0, instance:com.MainTests@a1153bc]" started-at="2022-03-13T15:23:49 EDT" name="testClose" finished-at="2022-03-13T15:23:49 EDT" duration-ms="162" status="PASS">
          <reporter-output>
          </reporter-output>
        </test-method> <!-- testClose -->
        <test-method is-config="true" signature="testPrep()[pri:0, instance:com.MainTests@a1153bc]" started-at="2022-03-13T15:23:49 EDT" name="testPrep" finished-at="2022-03-13T15:24:20 EDT" duration-ms="30671" status="PASS">
          <reporter-output>
          </reporter-output>
        </test-method> <!-- testPrep -->
        <test-method signature="test1(java.lang.String,java.lang.String)[pri:0, instance:com.MainTests@a1153bc]" started-at="2022-03-13T15:24:20 EDT" name="test1" data-provider="getData" finished-at="2022-03-13T15:24:27 EDT" duration-ms="6662" status="PASS">
          <params>
            <param index="0">
              <value>
                <![CDATA[Chatterjee]]>
              </value>
            </param>
            <param index="1">
              <value>
                <![CDATA[True]]>
              </value>
            </param>
          </params>
          <reporter-output>
          </reporter-output>
        </test-method> <!-- test1 -->
        <test-method is-config="true" signature="testClose()[pri:0, instance:com.MainTests@a1153bc]" started-at="2022-03-13T15:24:27 EDT" name="testClose" finished-at="2022-03-13T15:24:27 EDT" duration-ms="115" status="PASS">
          <reporter-output>
          </reporter-output>
        </test-method> <!-- testClose -->
      </class> <!-- com.MainTests -->
      <class name="com.AppTest">
        <test-method signature="shouldAnswerWithTrue()[pri:0, instance:com.AppTest@31304f14]" started-at="2022-03-13T15:23:07 EDT" name="shouldAnswerWithTrue" finished-at="2022-03-13T15:23:07 EDT" duration-ms="12" status="PASS">
          <reporter-output>
          </reporter-output>
        </test-method> <!-- shouldAnswerWithTrue -->
      </class> <!-- com.AppTest -->
    </test> <!-- Surefire test -->
  </suite> <!-- Surefire suite -->
</testng-results>
