<?xml version="1.0" encoding="UTF-8"?>
<testng-results ignored="0" total="3" passed="3" failed="0" skipped="0">
  <reporter-output>
  </reporter-output>
  <suite started-at="2022-03-15T17:03:36 EDT" name="Surefire suite" finished-at="2022-03-15T17:04:27 EDT" duration-ms="51290">
    <groups>
    </groups>
    <test started-at="2022-03-15T17:03:36 EDT" name="Surefire test" finished-at="2022-03-15T17:04:27 EDT" duration-ms="51290">
      <class name="com.MainTests">
        <test-method is-config="true" signature="testPrep()[pri:0, instance:com.MainTests@6c6cb480]" started-at="2022-03-15T17:03:36 EDT" name="testPrep" finished-at="2022-03-15T17:03:51 EDT" duration-ms="15491" status="PASS">
          <reporter-output>
          </reporter-output>
        </test-method> <!-- testPrep -->
        <test-method signature="test1(java.lang.String,java.lang.String)[pri:0, instance:com.MainTests@6c6cb480]" started-at="2022-03-15T17:03:51 EDT" name="test1" data-provider="getData" finished-at="2022-03-15T17:03:53 EDT" duration-ms="1660" status="PASS">
          <params>
            <param index="0">
              <value>
                <![CDATA[Tapa]]>
              </value>
            </param>
            <param index="1">
              <value>
                <![CDATA[False]]>
              </value>
            </param>
          </params>
          <reporter-output>
          </reporter-output>
        </test-method> <!-- test1 -->
        <test-method is-config="true" signature="tearDown(org.testng.ITestResult)[pri:0, instance:com.MainTests@6c6cb480]" started-at="2022-03-15T17:03:53 EDT" name="tearDown" finished-at="2022-03-15T17:03:53 EDT" duration-ms="4" status="PASS">
          <params>
            <param index="0">
              <value>
                <![CDATA[[TestResult name=test1 status=SUCCESS method=MainTests.test1(java.lang.String,java.lang.String)[pri:0, instance:com.MainTests@6c6cb480] output={null}]]]>
              </value>
            </param>
          </params>
          <reporter-output>
          </reporter-output>
        </test-method> <!-- tearDown -->
        <test-method is-config="true" signature="testPrep()[pri:0, instance:com.MainTests@6c6cb480]" started-at="2022-03-15T17:03:53 EDT" name="testPrep" finished-at="2022-03-15T17:04:19 EDT" duration-ms="26013" status="PASS">
          <reporter-output>
          </reporter-output>
        </test-method> <!-- testPrep -->
        <test-method signature="test1(java.lang.String,java.lang.String)[pri:0, instance:com.MainTests@6c6cb480]" started-at="2022-03-15T17:04:19 EDT" name="test1" data-provider="getData" finished-at="2022-03-15T17:04:26 EDT" duration-ms="6760" status="PASS">
          <params>
            <param index="0">
              <value>
                <![CDATA[Chatterjee]]>
              </value>
            </param>
            <param index="1">
              <value>
                <![CDATA[True]]>
              </value>
            </param>
          </params>
          <reporter-output>
          </reporter-output>
        </test-method> <!-- test1 -->
        <test-method is-config="true" signature="tearDown(org.testng.ITestResult)[pri:0, instance:com.MainTests@6c6cb480]" started-at="2022-03-15T17:04:26 EDT" name="tearDown" finished-at="2022-03-15T17:04:26 EDT" duration-ms="0" status="PASS">
          <params>
            <param index="0">
              <value>
                <![CDATA[[TestResult name=test1 status=SUCCESS method=MainTests.test1(java.lang.String,java.lang.String)[pri:0, instance:com.MainTests@6c6cb480] output={null}]]]>
              </value>
            </param>
          </params>
          <reporter-output>
          </reporter-output>
        </test-method> <!-- tearDown -->
        <test-method is-config="true" signature="testClose()[pri:0, instance:com.MainTests@6c6cb480]" started-at="2022-03-15T17:04:26 EDT" name="testClose" finished-at="2022-03-15T17:04:27 EDT" duration-ms="1304" status="PASS">
          <reporter-output>
          </reporter-output>
        </test-method> <!-- testClose -->
      </class> <!-- com.MainTests -->
      <class name="com.AppTest">
        <test-method signature="shouldAnswerWithTrue()[pri:0, instance:com.AppTest@48f2bd5b]" started-at="2022-03-15T17:03:36 EDT" name="shouldAnswerWithTrue" finished-at="2022-03-15T17:03:36 EDT" duration-ms="5" status="PASS">
          <reporter-output>
          </reporter-output>
        </test-method> <!-- shouldAnswerWithTrue -->
      </class> <!-- com.AppTest -->
    </test> <!-- Surefire test -->
  </suite> <!-- Surefire suite -->
</testng-results>
