<?xml version="1.0" encoding="UTF-8"?>
<testng-results ignored="0" total="3" passed="3" failed="0" skipped="0">
  <reporter-output>
  </reporter-output>
  <suite started-at="2022-04-01T13:28:40 EDT" name="Surefire suite" finished-at="2022-04-01T13:29:26 EDT" duration-ms="46833">
    <groups>
    </groups>
    <test started-at="2022-04-01T13:28:40 EDT" name="Surefire test" finished-at="2022-04-01T13:29:26 EDT" duration-ms="46833">
      <class name="com.MainTests">
        <test-method is-config="true" signature="testPrep(java.lang.reflect.Method)[pri:0, instance:com.MainTests@45fd9a4d]" started-at="2022-04-01T13:28:40 EDT" name="testPrep" finished-at="2022-04-01T13:29:02 EDT" duration-ms="22654" status="PASS">
          <params>
            <param index="0">
              <value>
                <![CDATA[public void com.MainTests.test1(java.lang.String,java.lang.String) throws java.io.IOException]]>
              </value>
            </param>
          </params>
          <reporter-output>
          </reporter-output>
        </test-method> <!-- testPrep -->
        <test-method signature="test1(java.lang.String,java.lang.String)[pri:0, instance:com.MainTests@45fd9a4d]" started-at="2022-04-01T13:29:02 EDT" name="test1" data-provider="getData" finished-at="2022-04-01T13:29:04 EDT" duration-ms="1700" status="PASS">
          <params>
            <param index="0">
              <value>
                <![CDATA[Tapa]]>
              </value>
            </param>
            <param index="1">
              <value>
                <![CDATA[False]]>
              </value>
            </param>
          </params>
          <reporter-output>
          </reporter-output>
        </test-method> <!-- test1 -->
        <test-method is-config="true" signature="tearDown(org.testng.ITestResult)[pri:0, instance:com.MainTests@45fd9a4d]" started-at="2022-04-01T13:29:04 EDT" name="tearDown" finished-at="2022-04-01T13:29:04 EDT" duration-ms="3" status="PASS">
          <params>
            <param index="0">
              <value>
                <![CDATA[[TestResult name=test1 status=SUCCESS method=MainTests.test1(java.lang.String,java.lang.String)[pri:0, instance:com.MainTests@45fd9a4d] output={null}]]]>
              </value>
            </param>
          </params>
          <reporter-output>
          </reporter-output>
        </test-method> <!-- tearDown -->
        <test-method is-config="true" signature="testPrep(java.lang.reflect.Method)[pri:0, instance:com.MainTests@45fd9a4d]" started-at="2022-04-01T13:29:04 EDT" name="testPrep" finished-at="2022-04-01T13:29:24 EDT" duration-ms="19645" status="PASS">
          <params>
            <param index="0">
              <value>
                <![CDATA[public void com.MainTests.test1(java.lang.String,java.lang.String) throws java.io.IOException]]>
              </value>
            </param>
          </params>
          <reporter-output>
          </reporter-output>
        </test-method> <!-- testPrep -->
        <test-method signature="test1(java.lang.String,java.lang.String)[pri:0, instance:com.MainTests@45fd9a4d]" started-at="2022-04-01T13:29:24 EDT" name="test1" data-provider="getData" finished-at="2022-04-01T13:29:25 EDT" duration-ms="1673" status="PASS">
          <params>
            <param index="0">
              <value is-null="true"/>
            </param>
            <param index="1">
              <value is-null="true"/>
            </param>
          </params>
          <reporter-output>
          </reporter-output>
        </test-method> <!-- test1 -->
        <test-method is-config="true" signature="tearDown(org.testng.ITestResult)[pri:0, instance:com.MainTests@45fd9a4d]" started-at="2022-04-01T13:29:25 EDT" name="tearDown" finished-at="2022-04-01T13:29:25 EDT" duration-ms="1" status="PASS">
          <params>
            <param index="0">
              <value>
                <![CDATA[[TestResult name=test1 status=SUCCESS method=MainTests.test1(java.lang.String,java.lang.String)[pri:0, instance:com.MainTests@45fd9a4d] output={null}]]]>
              </value>
            </param>
          </params>
          <reporter-output>
          </reporter-output>
        </test-method> <!-- tearDown -->
        <test-method is-config="true" signature="testClose()[pri:0, instance:com.MainTests@45fd9a4d]" started-at="2022-04-01T13:29:25 EDT" name="testClose" finished-at="2022-04-01T13:29:26 EDT" duration-ms="1100" status="PASS">
          <reporter-output>
          </reporter-output>
        </test-method> <!-- testClose -->
      </class> <!-- com.MainTests -->
      <class name="com.AppTest">
        <test-method signature="shouldAnswerWithTrue()[pri:0, instance:com.AppTest@47eaca72]" started-at="2022-04-01T13:28:40 EDT" name="shouldAnswerWithTrue" finished-at="2022-04-01T13:28:40 EDT" duration-ms="6" status="PASS">
          <reporter-output>
          </reporter-output>
        </test-method> <!-- shouldAnswerWithTrue -->
      </class> <!-- com.AppTest -->
    </test> <!-- Surefire test -->
  </suite> <!-- Surefire suite -->
</testng-results>
