<?xml version="1.0" encoding="UTF-8"?>
<testng-results ignored="0" total="2" passed="2" failed="0" skipped="0">
  <reporter-output>
  </reporter-output>
  <suite started-at="2022-03-11T14:56:21 EST" name="Suite" finished-at="2022-03-11T14:56:47 EST" duration-ms="25898">
    <groups>
    </groups>
    <test started-at="2022-03-11T14:56:21 EST" name="Test" finished-at="2022-03-11T14:56:47 EST" duration-ms="25898">
      <class name="com.MainTests">
        <test-method is-config="true" signature="testPrep()[pri:0, instance:com.MainTests@2b91004a]" started-at="2022-03-11T14:56:21 EST" name="testPrep" finished-at="2022-03-11T14:56:45 EST" duration-ms="23852" status="PASS">
          <reporter-output>
          </reporter-output>
        </test-method> <!-- testPrep -->
        <test-method signature="test1()[pri:0, instance:com.MainTests@2b91004a]" started-at="2022-03-11T14:56:45 EST" name="test1" finished-at="2022-03-11T14:56:46 EST" duration-ms="1789" status="PASS">
          <reporter-output>
          </reporter-output>
        </test-method> <!-- test1 -->
        <test-method is-config="true" signature="testClose()[pri:0, instance:com.MainTests@2b91004a]" started-at="2022-03-11T14:56:46 EST" name="testClose" finished-at="2022-03-11T14:56:46 EST" duration-ms="187" status="PASS">
          <reporter-output>
          </reporter-output>
        </test-method> <!-- testClose -->
      </class> <!-- com.MainTests -->
      <class name="com.AppTest">
        <test-method signature="shouldAnswerWithTrue()[pri:0, instance:com.AppTest@37d4349f]" started-at="2022-03-11T14:56:47 EST" name="shouldAnswerWithTrue" finished-at="2022-03-11T14:56:47 EST" duration-ms="5" status="PASS">
          <reporter-output>
          </reporter-output>
        </test-method> <!-- shouldAnswerWithTrue -->
      </class> <!-- com.AppTest -->
    </test> <!-- Test -->
  </suite> <!-- Suite -->
</testng-results>
